<?xml version="1.0" encoding="UTF-8"?>
<!-- Generated by org.testng.reporters.JUnitReportReporter -->
<testsuite skipped="0" hostname="DESKTOP-6E0H0OD" name="testcases.DeleteLead" tests="2" failures="0" timestamp="2020-01-18T11:12:42 IST" time="50.312" errors="0">
  <testcase name="deleteLead" time="24.164" classname="testcases.DeleteLead"/>
  <testcase name="deleteLead" time="26.148" classname="testcases.DeleteLead"/>
</testsuite> <!-- testcases.DeleteLead -->
