<?xml version="1.0" encoding="UTF-8"?>
<!-- Generated by org.testng.reporters.JUnitReportReporter -->
<testsuite skipped="0" hostname="DESKTOP-6E0H0OD" name="testcases.EditLead" tests="2" failures="0" timestamp="2020-01-18T11:12:42 IST" time="44.086" errors="0">
  <testcase name="editLead" time="22.653" classname="testcases.EditLead"/>
  <testcase name="editLead" time="21.433" classname="testcases.EditLead"/>
</testsuite> <!-- testcases.EditLead -->
