<?xml version="1.0" encoding="UTF-8"?>
<!-- Generated by org.testng.reporters.JUnitReportReporter -->
<testsuite skipped="0" hostname="DESKTOP-6E0H0OD" name="testcases.CreateLead" tests="2" failures="0" timestamp="2020-01-18T11:12:42 IST" time="43.788" errors="0">
  <testcase name="createLead" time="24.132" classname="testcases.CreateLead"/>
  <testcase name="createLead" time="19.656" classname="testcases.CreateLead"/>
</testsuite> <!-- testcases.CreateLead -->
