<?xml version="1.0" encoding="UTF-8"?>
<!-- Generated by org.testng.reporters.JUnitReportReporter -->
<testsuite skipped="0" hostname="DESKTOP-6E0H0OD" name="babu.webinar.SC00_HowChromeDriverWorks" tests="1" failures="0" timestamp="12 Jun 2019 14:04:22 GMT" time="4.038" errors="0">
  <testcase name="runTest" time="4.038" classname="babu.webinar.SC00_HowChromeDriverWorks"/>
</testsuite> <!-- babu.webinar.SC00_HowChromeDriverWorks -->
