<?xml version="1.0" encoding="UTF-8"?>
<!-- Generated by org.testng.reporters.JUnitReportReporter -->
<testsuite skipped="0" hostname="DESKTOP-6E0H0OD" name="day1.DevToolsAttach" tests="1" failures="0" timestamp="2019-11-29T14:48:46 IST" time="9.938" errors="0">
  <testcase name="runTest" time="9.938" classname="day1.DevToolsAttach"/>
</testsuite> <!-- day1.DevToolsAttach -->
