<?xml version="1.0" encoding="UTF-8"?>
<!-- Generated by org.testng.reporters.JUnitReportReporter -->
<testsuite skipped="0" hostname="DESKTOP-6E0H0OD" name="webinar.SC00_HowChromeDriverWorks" tests="1" failures="0" timestamp="02 May 2019 12:57:30 GMT" time="3.763" errors="0">
  <testcase name="runTest" time="3.763" classname="webinar.SC00_HowChromeDriverWorks"/>
</testsuite> <!-- webinar.SC00_HowChromeDriverWorks -->
