<?xml version="1.0" encoding="UTF-8"?>
<!-- Generated by org.testng.reporters.JUnitReportReporter -->
<testsuite skipped="0" hostname="DESKTOP-6E0H0OD" name="day1.AttachUsingDebugger" tests="1" failures="0" timestamp="2019-11-29T23:30:23 IST" time="4.986" errors="0">
  <testcase name="run" time="4.986" classname="day1.AttachUsingDebugger"/>
</testsuite> <!-- day1.AttachUsingDebugger -->
