<?xml version="1.0" encoding="UTF-8"?>
<!-- Generated by org.testng.reporters.JUnitReportReporter -->
<testsuite skipped="0" hostname="DESKTOP-6E0H0OD" name="day1.FullSnap" tests="1" failures="0" timestamp="2019-11-29T14:27:48 IST" time="18.590" errors="0">
  <testcase name="runTest" time="18.590" classname="day1.FullSnap"/>
</testsuite> <!-- day1.FullSnap -->
