<?xml version="1.0" encoding="UTF-8"?>
<!-- Generated by org.testng.reporters.JUnitReportReporter -->
<testsuite skipped="0" hostname="DESKTOP-6E0H0OD" name="day2.GetNodes" tests="1" failures="0" timestamp="2019-12-01T12:30:42 IST" time="5.427" errors="0">
  <testcase name="runTest" time="5.427" classname="day2.GetNodes"/>
</testsuite> <!-- day2.GetNodes -->
