<?xml version="1.0" encoding="UTF-8"?>
<!-- Generated by org.testng.reporters.JUnitReportReporter -->
<testsuite skipped="0" hostname="DESKTOP-6E0H0OD" name="webinar.AttachUsingDebugger" tests="1" failures="0" timestamp="02 May 2019 11:35:37 GMT" time="3.029" errors="0">
  <testcase name="run" time="3.029" classname="webinar.AttachUsingDebugger"/>
</testsuite> <!-- webinar.AttachUsingDebugger -->
