<?xml version="1.0" encoding="UTF-8"?>
<!-- Generated by org.testng.reporters.JUnitReportReporter -->
<testsuite skipped="0" hostname="DESKTOP-6E0H0OD" name="babu.webinar.SC02_AttachUsingDebugger" tests="1" failures="0" timestamp="02 May 2019 16:07:15 GMT" time="3.557" errors="0">
  <testcase name="run" time="3.557" classname="babu.webinar.SC02_AttachUsingDebugger"/>
</testsuite> <!-- babu.webinar.SC02_AttachUsingDebugger -->
