<?xml version="1.0" encoding="UTF-8"?>
<!-- Generated by org.testng.reporters.JUnitReportReporter -->
<testsuite skipped="0" hostname="DESKTOP-6E0H0OD" name="day1.SC02_AttachUsingDebugger" tests="1" failures="0" timestamp="2019-11-29T01:16:41 IST" time="4.947" errors="0">
  <testcase name="run" time="4.947" classname="day1.SC02_AttachUsingDebugger"/>
</testsuite> <!-- day1.SC02_AttachUsingDebugger -->
