<?xml version="1.0" encoding="UTF-8"?>
<!-- Generated by org.testng.reporters.JUnitReportReporter -->
<testsuite skipped="0" hostname="DESKTOP-6E0H0OD" name="webinar.TalkToExistingBrowser" tests="1" failures="0" timestamp="02 May 2019 11:09:36 GMT" time="2.937" errors="0">
  <testcase name="run" time="2.937" classname="webinar.TalkToExistingBrowser"/>
</testsuite> <!-- webinar.TalkToExistingBrowser -->
