<?xml version="1.0" encoding="UTF-8"?>
<!-- Generated by org.testng.reporters.JUnitReportReporter -->
<testsuite skipped="0" hostname="DESKTOP-6E0H0OD" name="babu.webinar.SC05_DebugTools" tests="1" failures="0" timestamp="02 May 2019 16:32:07 GMT" time="4.982" errors="0">
  <testcase name="runTest" time="4.982" classname="babu.webinar.SC05_DebugTools"/>
</testsuite> <!-- babu.webinar.SC05_DebugTools -->
