<?xml version="1.0" encoding="UTF-8"?>
<!-- Generated by org.testng.reporters.JUnitReportReporter -->
<testsuite skipped="0" hostname="DESKTOP-6E0H0OD" name="day2.FullSnap" tests="1" failures="0" timestamp="2019-12-01T11:23:12 IST" time="6.293" errors="0">
  <testcase name="runTest" time="6.293" classname="day2.FullSnap"/>
</testsuite> <!-- day2.FullSnap -->
