<?xml version="1.0" encoding="UTF-8"?>
<!-- Generated by org.testng.reporters.JUnitReportReporter -->
<testsuite skipped="0" hostname="DESKTOP-6E0H0OD" name="webinar.SC05_DevToolsValidation" tests="1" failures="0" timestamp="02 May 2019 12:44:10 GMT" time="8.993" errors="0">
  <testcase name="runTest" time="8.993" classname="webinar.SC05_DevToolsValidation"/>
</testsuite> <!-- webinar.SC05_DevToolsValidation -->
