<?xml version="1.0" encoding="UTF-8"?>
<!-- Generated by org.testng.reporters.JUnitReportReporter -->
<testsuite skipped="0" hostname="DESKTOP-6E0H0OD" name="webinar.SC02_AttachUsingDebugger" tests="1" failures="0" timestamp="02 May 2019 13:00:42 GMT" time="3.026" errors="0">
  <testcase name="run" time="3.026" classname="webinar.SC02_AttachUsingDebugger"/>
</testsuite> <!-- webinar.SC02_AttachUsingDebugger -->
