<?xml version="1.0" encoding="UTF-8"?>
<!-- Generated by org.testng.reporters.JUnitReportReporter -->
<testsuite skipped="0" hostname="DESKTOP-6E0H0OD" name="day1.DevToolsStart" tests="1" failures="0" timestamp="2019-11-29T14:29:59 IST" time="21.613" errors="0">
  <testcase name="runTest" time="21.613" classname="day1.DevToolsStart"/>
</testsuite> <!-- day1.DevToolsStart -->
