<?xml version="1.0" encoding="UTF-8"?>
<!-- Generated by org.testng.reporters.JUnitReportReporter -->
<testsuite skipped="0" hostname="DESKTOP-6E0H0OD" name="day1.LaunchApp" tests="1" failures="0" timestamp="2019-11-30T15:20:41 IST" time="3.935" errors="0">
  <testcase name="startApplication" time="3.935" classname="day1.LaunchApp"/>
</testsuite> <!-- day1.LaunchApp -->
