<?xml version="1.0" encoding="UTF-8"?>
<!-- Generated by org.testng.reporters.JUnitReportReporter -->
<testsuite skipped="0" hostname="DESKTOP-6E0H0OD" name="babu.webinar.SendMySMS" tests="2" failures="0" timestamp="23 May 2019 13:16:29 GMT" time="14.164" errors="0">
  <testcase name="runTest" time="6.938" classname="babu.webinar.SendMySMS"/>
  <testcase name="runTest" time="7.226" classname="babu.webinar.SendMySMS"/>
</testsuite> <!-- babu.webinar.SendMySMS -->
