<?xml version="1.0" encoding="UTF-8"?>
<!-- Generated by org.testng.reporters.JUnitReportReporter -->
<testsuite skipped="0" hostname="DESKTOP-6E0H0OD" name="auth.HandleAuth" tests="1" failures="0" timestamp="03 Jun 2019 10:36:30 GMT" time="13.371" errors="0">
  <testcase name="login" time="13.371" classname="auth.HandleAuth"/>
</testsuite> <!-- auth.HandleAuth -->
