<?xml version="1.0" encoding="UTF-8"?>
<!-- Generated by org.testng.reporters.JUnitReportReporter -->
<testsuite skipped="0" hostname="DESKTOP-6E0H0OD" name="babu.webinar.SC06_StartFirefox" tests="1" failures="0" timestamp="16 May 2019 06:17:20 GMT" time="3620.303" errors="0">
  <testcase name="runTest" time="3620.303" classname="babu.webinar.SC06_StartFirefox"/>
</testsuite> <!-- babu.webinar.SC06_StartFirefox -->
