<?xml version="1.0" encoding="UTF-8"?>
<!-- Generated by org.testng.reporters.JUnitReportReporter -->
<testsuite skipped="0" hostname="DESKTOP-6E0H0OD" name="day1.DevToolsPlay" tests="1" failures="0" timestamp="2019-11-29T14:46:41 IST" time="16.180" errors="0">
  <testcase name="runTest" time="16.180" classname="day1.DevToolsPlay"/>
</testsuite> <!-- day1.DevToolsPlay -->
